{"/home/jkonieczny/dev/playground/src/env.d.ts": {"data":{"path":"/home/jkonieczny/dev/playground/src/env.d.ts","statementMap":{},"fnMap":{},"branchMap":{},"s":{},"f":{},"b":{},"inputSourceMap":null}}
,"/home/jkonieczny/dev/playground/src/shims-vue.d.ts": {"data":{"path":"/home/jkonieczny/dev/playground/src/shims-vue.d.ts","statementMap":{},"fnMap":{},"branchMap":{},"s":{},"f":{},"b":{},"inputSourceMap":null}}
,"/home/jkonieczny/dev/playground/src/boot/axios.ts": {"path":"/home/jkonieczny/dev/playground/src/boot/axios.ts","statementMap":{"0":{"start":{"line":1,"column":0},"end":{"line":1,"column":45}},"1":{"start":{"line":2,"column":0},"end":{"line":2,"column":39}},"2":{"start":{"line":10,"column":0},"end":{"line":13,"column":3}},"3":{"start":{"line":12,"column":2},"end":{"line":12,"column":31}}},"fnMap":{"0":{"name":"(anonymous_1)","decl":{"start":{"line":10,"column":20},"end":{"line":10,"column":21}},"loc":{"start":{"line":10,"column":32},"end":{"line":13,"column":1}}}},"branchMap":{},"s":{"0":0,"1":0,"2":0,"3":0},"f":{"0":0},"b":{}}
,"/home/jkonieczny/dev/playground/src/boot/composition-api.ts": {"path":"/home/jkonieczny/dev/playground/src/boot/composition-api.ts","statementMap":{"0":{"start":{"line":1,"column":0},"end":{"line":1,"column":53}},"1":{"start":{"line":2,"column":0},"end":{"line":2,"column":39}},"2":{"start":{"line":4,"column":0},"end":{"line":6,"column":3}},"3":{"start":{"line":5,"column":2},"end":{"line":5,"column":29}}},"fnMap":{"0":{"name":"(anonymous_1)","decl":{"start":{"line":4,"column":20},"end":{"line":4,"column":21}},"loc":{"start":{"line":4,"column":32},"end":{"line":6,"column":1}}}},"branchMap":{},"s":{"0":0,"1":0,"2":0,"3":0},"f":{"0":0},"b":{}}
,"/home/jkonieczny/dev/playground/src/components/CompositionComponent.vue": {"path":"/home/jkonieczny/dev/playground/src/components/CompositionComponent.vue","statementMap":{"0":{"start":{"line":1,"column":0},"end":{"line":1,"column":null}},"1":{"start":{"line":3,"column":0},"end":{"line":3,"column":null}},"2":{"start":{"line":5,"column":0},"end":{"line":5,"column":null}},"3":{"start":{"line":6,"column":0},"end":{"line":6,"column":null}},"4":{"start":{"line":8,"column":0},"end":{"line":8,"column":null}},"5":{"start":{"line":11,"column":0},"end":{"line":11,"column":null}},"6":{"start":{"line":12,"column":0},"end":{"line":12,"column":null}},"7":{"start":{"line":23,"column":0},"end":{"line":23,"column":null}},"8":{"start":{"line":34,"column":0},"end":{"line":34,"column":null}}},"fnMap":{"0":{"name":"useClickCount","decl":{"start":{"line":2,"column":0},"end":{"line":2,"column":null}},"loc":{"start":{"line":2,"column":0},"end":{"line":9,"column":null}}},"1":{"name":"increment","decl":{"start":{"line":4,"column":0},"end":{"line":4,"column":null}},"loc":{"start":{"line":4,"column":0},"end":{"line":7,"column":null}}},"2":{"name":"useDisplayTodo","decl":{"start":{"line":10,"column":0},"end":{"line":10,"column":null}},"loc":{"start":{"line":10,"column":0},"end":{"line":13,"column":null}}},"3":{"name":"(anonymous_4)","decl":{"start":{"line":11,"column":0},"end":{"line":11,"column":null}},"loc":{"start":{"line":11,"column":0},"end":{"line":11,"column":null}}},"4":{"name":"(anonymous_5)","decl":{"start":{"line":23,"column":0},"end":{"line":23,"column":null}},"loc":{"start":{"line":23,"column":0},"end":{"line":23,"column":null}}},"5":{"name":"(anonymous_6)","decl":{"start":{"line":33,"column":0},"end":{"line":33,"column":null}},"loc":{"start":{"line":33,"column":0},"end":{"line":35,"column":null}}}},"branchMap":{},"s":{"0":0,"1":0,"2":0,"3":0,"4":0,"5":0,"6":0,"7":0,"8":0},"f":{"0":0,"1":0,"2":0,"3":0,"4":0,"5":0},"b":{}}
,"/home/jkonieczny/dev/playground/src/layouts/MainLayout.vue": {"path":"/home/jkonieczny/dev/playground/src/layouts/MainLayout.vue","statementMap":{"0":{"start":{"line":58,"column":0},"end":{"line":58,"column":null}}},"fnMap":{"0":{"name":"(anonymous_1)","decl":{"start":{"line":57,"column":0},"end":{"line":57,"column":null}},"loc":{"start":{"line":57,"column":0},"end":{"line":67,"column":null}}}},"branchMap":{},"s":{"0":0},"f":{"0":0},"b":{}}
,"/home/jkonieczny/dev/playground/src/pages/Error404.vue": {"path":"/home/jkonieczny/dev/playground/src/pages/Error404.vue","statementMap":{"0":{"start":{"line":1,"column":0},"end":{"line":1,"column":null}}},"fnMap":{},"branchMap":{},"s":{"0":0},"f":{},"b":{}}
,"/home/jkonieczny/dev/playground/src/pages/FormView.vue": {"path":"/home/jkonieczny/dev/playground/src/pages/FormView.vue","statementMap":{"0":{"start":{"line":1,"column":0},"end":{"line":1,"column":null}},"1":{"start":{"line":2,"column":0},"end":{"line":2,"column":null}},"2":{"start":{"line":9,"column":0},"end":{"line":9,"column":null}},"3":{"start":{"line":15,"column":0},"end":{"line":16,"column":null}},"4":{"start":{"line":40,"column":0},"end":{"line":40,"column":null}}},"fnMap":{"0":{"name":"(anonymous_1)","decl":{"start":{"line":8,"column":0},"end":{"line":8,"column":null}},"loc":{"start":{"line":8,"column":0},"end":{"line":44,"column":null}}}},"branchMap":{},"s":{"0":0,"1":0,"2":0,"3":0,"4":0},"f":{"0":0},"b":{}}
,"/home/jkonieczny/dev/playground/src/pages/Index.vue": {"path":"/home/jkonieczny/dev/playground/src/pages/Index.vue","statementMap":{"0":{"start":{"line":1,"column":0},"end":{"line":1,"column":null}},"1":{"start":{"line":2,"column":0},"end":{"line":2,"column":null}},"2":{"start":{"line":7,"column":0},"end":{"line":24,"column":null}},"3":{"start":{"line":29,"column":0},"end":{"line":29,"column":null}},"4":{"start":{"line":32,"column":0},"end":{"line":32,"column":null}}},"fnMap":{"0":{"name":"(anonymous_1)","decl":{"start":{"line":6,"column":0},"end":{"line":6,"column":null}},"loc":{"start":{"line":6,"column":0},"end":{"line":33,"column":null}}}},"branchMap":{},"s":{"0":0,"1":0,"2":0,"3":0,"4":0},"f":{"0":0},"b":{}}
,"/home/jkonieczny/dev/playground/src/pages/Spring.vue": {"path":"/home/jkonieczny/dev/playground/src/pages/Spring.vue","statementMap":{"0":{"start":{"line":1,"column":0},"end":{"line":1,"column":null}},"1":{"start":{"line":2,"column":0},"end":{"line":2,"column":null}},"2":{"start":{"line":3,"column":0},"end":{"line":3,"column":null}},"3":{"start":{"line":31,"column":0},"end":{"line":31,"column":null}},"4":{"start":{"line":32,"column":0},"end":{"line":32,"column":null}},"5":{"start":{"line":33,"column":0},"end":{"line":36,"column":null}},"6":{"start":{"line":34,"column":0},"end":{"line":34,"column":null}},"7":{"start":{"line":35,"column":0},"end":{"line":35,"column":null}},"8":{"start":{"line":38,"column":0},"end":{"line":38,"column":null}},"9":{"start":{"line":40,"column":0},"end":{"line":62,"column":null}},"10":{"start":{"line":41,"column":0},"end":{"line":41,"column":null}},"11":{"start":{"line":42,"column":0},"end":{"line":42,"column":null}},"12":{"start":{"line":43,"column":0},"end":{"line":43,"column":null}},"13":{"start":{"line":44,"column":0},"end":{"line":44,"column":null}},"14":{"start":{"line":45,"column":0},"end":{"line":61,"column":null}},"15":{"start":{"line":46,"column":0},"end":{"line":46,"column":null}},"16":{"start":{"line":47,"column":0},"end":{"line":47,"column":null}},"17":{"start":{"line":48,"column":0},"end":{"line":48,"column":null}},"18":{"start":{"line":49,"column":0},"end":{"line":49,"column":null}},"19":{"start":{"line":50,"column":0},"end":{"line":50,"column":null}},"20":{"start":{"line":51,"column":0},"end":{"line":51,"column":null}},"21":{"start":{"line":52,"column":0},"end":{"line":52,"column":null}},"22":{"start":{"line":53,"column":0},"end":{"line":53,"column":null}},"23":{"start":{"line":57,"column":0},"end":{"line":57,"column":null}},"24":{"start":{"line":63,"column":0},"end":{"line":103,"column":null}},"25":{"start":{"line":64,"column":0},"end":{"line":64,"column":null}},"26":{"start":{"line":65,"column":0},"end":{"line":65,"column":null}},"27":{"start":{"line":66,"column":0},"end":{"line":66,"column":null}},"28":{"start":{"line":67,"column":0},"end":{"line":102,"column":null}},"29":{"start":{"line":68,"column":0},"end":{"line":68,"column":null}},"30":{"start":{"line":69,"column":0},"end":{"line":69,"column":null}},"31":{"start":{"line":70,"column":0},"end":{"line":70,"column":null}},"32":{"start":{"line":71,"column":0},"end":{"line":77,"column":null}},"33":{"start":{"line":72,"column":0},"end":{"line":72,"column":null}},"34":{"start":{"line":76,"column":0},"end":{"line":76,"column":null}},"35":{"start":{"line":78,"column":0},"end":{"line":84,"column":null}},"36":{"start":{"line":79,"column":0},"end":{"line":79,"column":null}},"37":{"start":{"line":83,"column":0},"end":{"line":83,"column":null}},"38":{"start":{"line":85,"column":0},"end":{"line":85,"column":null}},"39":{"start":{"line":86,"column":0},"end":{"line":86,"column":null}},"40":{"start":{"line":87,"column":0},"end":{"line":87,"column":null}},"41":{"start":{"line":88,"column":0},"end":{"line":88,"column":null}},"42":{"start":{"line":89,"column":0},"end":{"line":89,"column":null}},"43":{"start":{"line":93,"column":0},"end":{"line":93,"column":null}},"44":{"start":{"line":97,"column":0},"end":{"line":99,"column":null}},"45":{"start":{"line":98,"column":0},"end":{"line":98,"column":null}},"46":{"start":{"line":101,"column":0},"end":{"line":101,"column":null}},"47":{"start":{"line":104,"column":0},"end":{"line":104,"column":null}},"48":{"start":{"line":107,"column":0},"end":{"line":107,"column":null}},"49":{"start":{"line":108,"column":0},"end":{"line":108,"column":null}},"50":{"start":{"line":109,"column":0},"end":{"line":123,"column":null}},"51":{"start":{"line":110,"column":0},"end":{"line":110,"column":null}},"52":{"start":{"line":111,"column":0},"end":{"line":114,"column":null}},"53":{"start":{"line":112,"column":0},"end":{"line":112,"column":null}},"54":{"start":{"line":113,"column":0},"end":{"line":113,"column":null}},"55":{"start":{"line":115,"column":0},"end":{"line":115,"column":null}},"56":{"start":{"line":116,"column":0},"end":{"line":116,"column":null}},"57":{"start":{"line":117,"column":0},"end":{"line":117,"column":null}},"58":{"start":{"line":118,"column":0},"end":{"line":118,"column":null}},"59":{"start":{"line":119,"column":0},"end":{"line":122,"column":null}},"60":{"start":{"line":120,"column":0},"end":{"line":121,"column":null}},"61":{"start":{"line":124,"column":0},"end":{"line":124,"column":null}},"62":{"start":{"line":128,"column":0},"end":{"line":128,"column":null}},"63":{"start":{"line":129,"column":0},"end":{"line":129,"column":null}},"64":{"start":{"line":130,"column":0},"end":{"line":130,"column":null}},"65":{"start":{"line":131,"column":0},"end":{"line":131,"column":null}},"66":{"start":{"line":132,"column":0},"end":{"line":132,"column":null}},"67":{"start":{"line":136,"column":0},"end":{"line":138,"column":null}},"68":{"start":{"line":137,"column":0},"end":{"line":137,"column":null}},"69":{"start":{"line":139,"column":0},"end":{"line":139,"column":null}},"70":{"start":{"line":140,"column":0},"end":{"line":146,"column":null}},"71":{"start":{"line":141,"column":0},"end":{"line":141,"column":null}},"72":{"start":{"line":142,"column":0},"end":{"line":145,"column":null}},"73":{"start":{"line":143,"column":0},"end":{"line":143,"column":null}},"74":{"start":{"line":144,"column":0},"end":{"line":144,"column":null}},"75":{"start":{"line":147,"column":0},"end":{"line":147,"column":null}},"76":{"start":{"line":148,"column":0},"end":{"line":150,"column":null}},"77":{"start":{"line":149,"column":0},"end":{"line":149,"column":null}},"78":{"start":{"line":151,"column":0},"end":{"line":151,"column":null}},"79":{"start":{"line":152,"column":0},"end":{"line":152,"column":null}},"80":{"start":{"line":153,"column":0},"end":{"line":153,"column":null}},"81":{"start":{"line":161,"column":0},"end":{"line":161,"column":null}},"82":{"start":{"line":162,"column":0},"end":{"line":162,"column":null}},"83":{"start":{"line":165,"column":0},"end":{"line":165,"column":null}},"84":{"start":{"line":166,"column":0},"end":{"line":166,"column":null}},"85":{"start":{"line":169,"column":0},"end":{"line":171,"column":null}},"86":{"start":{"line":170,"column":0},"end":{"line":170,"column":null}},"87":{"start":{"line":172,"column":0},"end":{"line":172,"column":null}},"88":{"start":{"line":174,"column":0},"end":{"line":174,"column":null}},"89":{"start":{"line":175,"column":0},"end":{"line":175,"column":null}},"90":{"start":{"line":179,"column":0},"end":{"line":179,"column":null}}},"fnMap":{"0":{"name":"physicStep","decl":{"start":{"line":30,"column":0},"end":{"line":30,"column":null}},"loc":{"start":{"line":30,"column":0},"end":{"line":105,"column":null}}},"1":{"name":"(anonymous_2)","decl":{"start":{"line":33,"column":0},"end":{"line":33,"column":null}},"loc":{"start":{"line":33,"column":0},"end":{"line":36,"column":null}}},"2":{"name":"calcAngle","decl":{"start":{"line":37,"column":0},"end":{"line":37,"column":null}},"loc":{"start":{"line":37,"column":0},"end":{"line":39,"column":null}}},"3":{"name":"(anonymous_4)","decl":{"start":{"line":40,"column":0},"end":{"line":40,"column":null}},"loc":{"start":{"line":40,"column":0},"end":{"line":62,"column":null}}},"4":{"name":"(anonymous_5)","decl":{"start":{"line":63,"column":0},"end":{"line":63,"column":null}},"loc":{"start":{"line":63,"column":0},"end":{"line":103,"column":null}}},"5":{"name":"(anonymous_6)","decl":{"start":{"line":64,"column":0},"end":{"line":64,"column":null}},"loc":{"start":{"line":64,"column":0},"end":{"line":64,"column":null}}},"6":{"name":"(anonymous_7)","decl":{"start":{"line":65,"column":0},"end":{"line":65,"column":null}},"loc":{"start":{"line":65,"column":0},"end":{"line":65,"column":null}}},"7":{"name":"(anonymous_8)","decl":{"start":{"line":71,"column":0},"end":{"line":71,"column":null}},"loc":{"start":{"line":71,"column":0},"end":{"line":77,"column":null}}},"8":{"name":"(anonymous_9)","decl":{"start":{"line":78,"column":0},"end":{"line":78,"column":null}},"loc":{"start":{"line":78,"column":0},"end":{"line":84,"column":null}}},"9":{"name":"(anonymous_10)","decl":{"start":{"line":85,"column":0},"end":{"line":85,"column":null}},"loc":{"start":{"line":85,"column":0},"end":{"line":85,"column":null}}},"10":{"name":"(anonymous_11)","decl":{"start":{"line":97,"column":0},"end":{"line":97,"column":null}},"loc":{"start":{"line":97,"column":0},"end":{"line":99,"column":null}}},"11":{"name":"applyForces","decl":{"start":{"line":106,"column":0},"end":{"line":106,"column":null}},"loc":{"start":{"line":106,"column":0},"end":{"line":125,"column":null}}},"12":{"name":"(anonymous_13)","decl":{"start":{"line":109,"column":0},"end":{"line":109,"column":null}},"loc":{"start":{"line":109,"column":0},"end":{"line":123,"column":null}}},"13":{"name":"(anonymous_14)","decl":{"start":{"line":111,"column":0},"end":{"line":111,"column":null}},"loc":{"start":{"line":111,"column":0},"end":{"line":114,"column":null}}},"14":{"name":"(anonymous_15)","decl":{"start":{"line":127,"column":0},"end":{"line":127,"column":null}},"loc":{"start":{"line":127,"column":0},"end":{"line":183,"column":null}}},"15":{"name":"(anonymous_16)","decl":{"start":{"line":136,"column":0},"end":{"line":136,"column":null}},"loc":{"start":{"line":136,"column":0},"end":{"line":138,"column":null}}},"16":{"name":"(anonymous_17)","decl":{"start":{"line":140,"column":0},"end":{"line":140,"column":null}},"loc":{"start":{"line":140,"column":0},"end":{"line":146,"column":null}}},"17":{"name":"(anonymous_18)","decl":{"start":{"line":142,"column":0},"end":{"line":142,"column":null}},"loc":{"start":{"line":142,"column":0},"end":{"line":145,"column":null}}},"18":{"name":"(anonymous_19)","decl":{"start":{"line":148,"column":0},"end":{"line":148,"column":null}},"loc":{"start":{"line":148,"column":0},"end":{"line":150,"column":null}}},"19":{"name":"(anonymous_20)","decl":{"start":{"line":160,"column":0},"end":{"line":160,"column":null}},"loc":{"start":{"line":160,"column":0},"end":{"line":163,"column":null}}},"20":{"name":"(anonymous_21)","decl":{"start":{"line":164,"column":0},"end":{"line":164,"column":null}},"loc":{"start":{"line":164,"column":0},"end":{"line":167,"column":null}}},"21":{"name":"(anonymous_22)","decl":{"start":{"line":168,"column":0},"end":{"line":168,"column":null}},"loc":{"start":{"line":168,"column":0},"end":{"line":176,"column":null}}},"22":{"name":"(anonymous_23)","decl":{"start":{"line":178,"column":0},"end":{"line":178,"column":null}},"loc":{"start":{"line":178,"column":0},"end":{"line":180,"column":null}}}},"branchMap":{"0":{"loc":{"start":{"line":34,"column":0},"end":{"line":34,"column":null}},"type":"cond-expr","locations":[{"start":{"line":34,"column":0},"end":{"line":34,"column":null}},{"start":{"line":34,"column":0},"end":{"line":34,"column":null}}]},"1":{"loc":{"start":{"line":45,"column":0},"end":{"line":61,"column":null}},"type":"if","locations":[{"start":{"line":45,"column":0},"end":{"line":61,"column":null}},{"start":{"line":45,"column":0},"end":{"line":61,"column":null}}]},"2":{"loc":{"start":{"line":48,"column":0},"end":{"line":48,"column":null}},"type":"cond-expr","locations":[{"start":{"line":48,"column":0},"end":{"line":48,"column":null}},{"start":{"line":48,"column":0},"end":{"line":48,"column":null}}]},"3":{"loc":{"start":{"line":49,"column":0},"end":{"line":49,"column":null}},"type":"cond-expr","locations":[{"start":{"line":49,"column":0},"end":{"line":49,"column":null}},{"start":{"line":49,"column":0},"end":{"line":49,"column":null}}]},"4":{"loc":{"start":{"line":67,"column":0},"end":{"line":102,"column":null}},"type":"if","locations":[{"start":{"line":67,"column":0},"end":{"line":102,"column":null}},{"start":{"line":67,"column":0},"end":{"line":102,"column":null}}]},"5":{"loc":{"start":{"line":87,"column":0},"end":{"line":87,"column":null}},"type":"cond-expr","locations":[{"start":{"line":87,"column":0},"end":{"line":87,"column":null}},{"start":{"line":87,"column":0},"end":{"line":87,"column":null}}]},"6":{"loc":{"start":{"line":119,"column":0},"end":{"line":122,"column":null}},"type":"if","locations":[{"start":{"line":119,"column":0},"end":{"line":122,"column":null}},{"start":{"line":119,"column":0},"end":{"line":122,"column":null}}]},"7":{"loc":{"start":{"line":169,"column":0},"end":{"line":171,"column":null}},"type":"if","locations":[{"start":{"line":169,"column":0},"end":{"line":171,"column":null}},{"start":{"line":169,"column":0},"end":{"line":171,"column":null}}]},"8":{"loc":{"start":{"line":169,"column":0},"end":{"line":169,"column":null}},"type":"binary-expr","locations":[{"start":{"line":169,"column":0},"end":{"line":169,"column":null}},{"start":{"line":169,"column":0},"end":{"line":169,"column":null}}]}},"s":{"0":0,"1":0,"2":0,"3":0,"4":0,"5":0,"6":0,"7":0,"8":0,"9":0,"10":0,"11":0,"12":0,"13":0,"14":0,"15":0,"16":0,"17":0,"18":0,"19":0,"20":0,"21":0,"22":0,"23":0,"24":0,"25":0,"26":0,"27":0,"28":0,"29":0,"30":0,"31":0,"32":0,"33":0,"34":0,"35":0,"36":0,"37":0,"38":0,"39":0,"40":0,"41":0,"42":0,"43":0,"44":0,"45":0,"46":0,"47":0,"48":0,"49":0,"50":0,"51":0,"52":0,"53":0,"54":0,"55":0,"56":0,"57":0,"58":0,"59":0,"60":0,"61":0,"62":0,"63":0,"64":0,"65":0,"66":0,"67":0,"68":0,"69":0,"70":0,"71":0,"72":0,"73":0,"74":0,"75":0,"76":0,"77":0,"78":0,"79":0,"80":0,"81":0,"82":0,"83":0,"84":0,"85":0,"86":0,"87":0,"88":0,"89":0,"90":0},"f":{"0":0,"1":0,"2":0,"3":0,"4":0,"5":0,"6":0,"7":0,"8":0,"9":0,"10":0,"11":0,"12":0,"13":0,"14":0,"15":0,"16":0,"17":0,"18":0,"19":0,"20":0,"21":0,"22":0},"b":{"0":[0,0],"1":[0,0],"2":[0,0],"3":[0,0],"4":[0,0],"5":[0,0],"6":[0,0],"7":[0,0],"8":[0,0]}}
,"/home/jkonieczny/dev/playground/src/pages/TodoOptionsView.vue": {"path":"/home/jkonieczny/dev/playground/src/pages/TodoOptionsView.vue","statementMap":{"0":{"start":{"line":1,"column":0},"end":{"line":1,"column":null}},"1":{"start":{"line":2,"column":0},"end":{"line":2,"column":null}}},"fnMap":{},"branchMap":{},"s":{"0":0,"1":0},"f":{},"b":{}}
,"/home/jkonieczny/dev/playground/src/pages/TodoSetupView.vue": {"path":"/home/jkonieczny/dev/playground/src/pages/TodoSetupView.vue","statementMap":{"0":{"start":{"line":1,"column":0},"end":{"line":1,"column":null}},"1":{"start":{"line":2,"column":0},"end":{"line":2,"column":null}}},"fnMap":{},"branchMap":{},"s":{"0":0,"1":0},"f":{},"b":{}}
,"/home/jkonieczny/dev/playground/src/pages/Form/FormComponent.vue": {"path":"/home/jkonieczny/dev/playground/src/pages/Form/FormComponent.vue","statementMap":{"0":{"start":{"line":3,"column":0},"end":{"line":3,"column":null}},"1":{"start":{"line":4,"column":0},"end":{"line":4,"column":null}},"2":{"start":{"line":5,"column":0},"end":{"line":5,"column":null}},"3":{"start":{"line":11,"column":0},"end":{"line":11,"column":null}},"4":{"start":{"line":13,"column":0},"end":{"line":13,"column":null}},"5":{"start":{"line":19,"column":0},"end":{"line":19,"column":null}},"6":{"start":{"line":25,"column":0},"end":{"line":25,"column":null}},"7":{"start":{"line":32,"column":0},"end":{"line":32,"column":null}},"8":{"start":{"line":38,"column":0},"end":{"line":38,"column":null}},"9":{"start":{"line":49,"column":0},"end":{"line":49,"column":null}},"10":{"start":{"line":52,"column":0},"end":{"line":59,"column":null}},"11":{"start":{"line":53,"column":0},"end":{"line":53,"column":null}},"12":{"start":{"line":54,"column":0},"end":{"line":54,"column":null}}},"fnMap":{"0":{"name":"attributesFor","decl":{"start":{"line":10,"column":0},"end":{"line":10,"column":null}},"loc":{"start":{"line":10,"column":0},"end":{"line":41,"column":null}}},"1":{"name":"(anonymous_2)","decl":{"start":{"line":48,"column":0},"end":{"line":48,"column":null}},"loc":{"start":{"line":48,"column":0},"end":{"line":62,"column":null}}},"2":{"name":"(anonymous_3)","decl":{"start":{"line":51,"column":0},"end":{"line":51,"column":null}},"loc":{"start":{"line":51,"column":0},"end":{"line":60,"column":null}}}},"branchMap":{"0":{"loc":{"start":{"line":12,"column":0},"end":{"line":13,"column":null}},"type":"switch","locations":[{"start":{"line":12,"column":0},"end":{"line":13,"column":null}},{"start":{"line":18,"column":0},"end":{"line":19,"column":null}},{"start":{"line":24,"column":0},"end":{"line":25,"column":null}},{"start":{"line":31,"column":0},"end":{"line":32,"column":null}}]},"1":{"loc":{"start":{"line":28,"column":0},"end":{"line":28,"column":null}},"type":"cond-expr","locations":[{"start":{"line":28,"column":0},"end":{"line":28,"column":null}},{"start":{"line":28,"column":0},"end":{"line":28,"column":null}}]},"2":{"loc":{"start":{"line":52,"column":0},"end":{"line":59,"column":null}},"type":"if","locations":[{"start":{"line":52,"column":0},"end":{"line":59,"column":null}},{"start":{"line":52,"column":0},"end":{"line":59,"column":null}}]},"3":{"loc":{"start":{"line":52,"column":0},"end":{"line":52,"column":null}},"type":"binary-expr","locations":[{"start":{"line":52,"column":0},"end":{"line":52,"column":null}},{"start":{"line":52,"column":0},"end":{"line":52,"column":null}}]}},"s":{"0":0,"1":0,"2":0,"3":0,"4":0,"5":0,"6":0,"7":0,"8":0,"9":0,"10":0,"11":0,"12":0},"f":{"0":0,"1":0,"2":0},"b":{"0":[0,0,0,0],"1":[0,0],"2":[0,0],"3":[0,0]}}
,"/home/jkonieczny/dev/playground/src/pages/Form/fields/DatePicker.vue": {"path":"/home/jkonieczny/dev/playground/src/pages/Form/fields/DatePicker.vue","statementMap":{"0":{"start":{"line":1,"column":0},"end":{"line":1,"column":null}},"1":{"start":{"line":10,"column":0},"end":{"line":10,"column":null}},"2":{"start":{"line":11,"column":0},"end":{"line":13,"column":null}},"3":{"start":{"line":12,"column":0},"end":{"line":12,"column":null}},"4":{"start":{"line":14,"column":0},"end":{"line":14,"column":null}}},"fnMap":{"0":{"name":"(anonymous_1)","decl":{"start":{"line":9,"column":0},"end":{"line":9,"column":null}},"loc":{"start":{"line":9,"column":0},"end":{"line":17,"column":null}}},"1":{"name":"(anonymous_2)","decl":{"start":{"line":11,"column":0},"end":{"line":11,"column":null}},"loc":{"start":{"line":11,"column":0},"end":{"line":13,"column":null}}}},"branchMap":{},"s":{"0":0,"1":0,"2":0,"3":0,"4":0},"f":{"0":0,"1":0},"b":{}}
,"/home/jkonieczny/dev/playground/src/pages/todo/TodoOptions.vue": {"path":"/home/jkonieczny/dev/playground/src/pages/todo/TodoOptions.vue","statementMap":{"0":{"start":{"line":1,"column":0},"end":{"line":1,"column":null}},"1":{"start":{"line":2,"column":0},"end":{"line":2,"column":null}},"2":{"start":{"line":8,"column":0},"end":{"line":8,"column":null}},"3":{"start":{"line":17,"column":0},"end":{"line":17,"column":null}},"4":{"start":{"line":18,"column":0},"end":{"line":20,"column":null}},"5":{"start":{"line":19,"column":0},"end":{"line":19,"column":null}},"6":{"start":{"line":21,"column":0},"end":{"line":26,"column":null}},"7":{"start":{"line":22,"column":0},"end":{"line":24,"column":null}},"8":{"start":{"line":23,"column":0},"end":{"line":23,"column":null}},"9":{"start":{"line":25,"column":0},"end":{"line":25,"column":null}},"10":{"start":{"line":31,"column":0},"end":{"line":31,"column":null}},"11":{"start":{"line":36,"column":0},"end":{"line":36,"column":null}},"12":{"start":{"line":39,"column":0},"end":{"line":44,"column":null}},"13":{"start":{"line":40,"column":0},"end":{"line":40,"column":null}},"14":{"start":{"line":43,"column":0},"end":{"line":43,"column":null}}},"fnMap":{"0":{"name":"(anonymous_1)","decl":{"start":{"line":7,"column":0},"end":{"line":7,"column":null}},"loc":{"start":{"line":7,"column":0},"end":{"line":14,"column":null}}},"1":{"name":"(anonymous_2)","decl":{"start":{"line":16,"column":0},"end":{"line":16,"column":null}},"loc":{"start":{"line":16,"column":0},"end":{"line":27,"column":null}}},"2":{"name":"(anonymous_3)","decl":{"start":{"line":19,"column":0},"end":{"line":19,"column":null}},"loc":{"start":{"line":19,"column":0},"end":{"line":19,"column":null}}},"3":{"name":"(anonymous_4)","decl":{"start":{"line":21,"column":0},"end":{"line":21,"column":null}},"loc":{"start":{"line":21,"column":0},"end":{"line":26,"column":null}}},"4":{"name":"(anonymous_5)","decl":{"start":{"line":30,"column":0},"end":{"line":30,"column":null}},"loc":{"start":{"line":30,"column":0},"end":{"line":37,"column":null}}},"5":{"name":"(anonymous_6)","decl":{"start":{"line":38,"column":0},"end":{"line":38,"column":null}},"loc":{"start":{"line":38,"column":0},"end":{"line":45,"column":null}}}},"branchMap":{"0":{"loc":{"start":{"line":18,"column":0},"end":{"line":20,"column":null}},"type":"if","locations":[{"start":{"line":18,"column":0},"end":{"line":20,"column":null}},{"start":{"line":18,"column":0},"end":{"line":20,"column":null}}]},"1":{"loc":{"start":{"line":22,"column":0},"end":{"line":24,"column":null}},"type":"if","locations":[{"start":{"line":22,"column":0},"end":{"line":24,"column":null}},{"start":{"line":22,"column":0},"end":{"line":24,"column":null}}]},"2":{"loc":{"start":{"line":25,"column":0},"end":{"line":25,"column":null}},"type":"cond-expr","locations":[{"start":{"line":25,"column":0},"end":{"line":25,"column":null}},{"start":{"line":25,"column":0},"end":{"line":25,"column":null}}]},"3":{"loc":{"start":{"line":39,"column":0},"end":{"line":44,"column":null}},"type":"if","locations":[{"start":{"line":39,"column":0},"end":{"line":44,"column":null}},{"start":{"line":39,"column":0},"end":{"line":44,"column":null}}]}},"s":{"0":1,"1":1,"2":1,"3":3,"4":3,"5":2,"6":3,"7":0,"8":0,"9":0,"10":1,"11":1,"12":1,"13":1,"14":0},"f":{"0":1,"1":3,"2":1,"3":0,"4":1,"5":1},"b":{"0":[1,2],"1":[0,0],"2":[0,0],"3":[1,0]}}
,"/home/jkonieczny/dev/playground/src/pages/todo/TodoSetup.vue": {"path":"/home/jkonieczny/dev/playground/src/pages/todo/TodoSetup.vue","statementMap":{"0":{"start":{"line":1,"column":0},"end":{"line":1,"column":null}},"1":{"start":{"line":2,"column":0},"end":{"line":2,"column":null}},"2":{"start":{"line":8,"column":0},"end":{"line":8,"column":null}},"3":{"start":{"line":9,"column":0},"end":{"line":9,"column":null}},"4":{"start":{"line":10,"column":0},"end":{"line":10,"column":null}},"5":{"start":{"line":11,"column":0},"end":{"line":11,"column":null}},"6":{"start":{"line":12,"column":0},"end":{"line":23,"column":null}},"7":{"start":{"line":13,"column":0},"end":{"line":13,"column":null}},"8":{"start":{"line":14,"column":0},"end":{"line":16,"column":null}},"9":{"start":{"line":15,"column":0},"end":{"line":15,"column":null}},"10":{"start":{"line":17,"column":0},"end":{"line":22,"column":null}},"11":{"start":{"line":18,"column":0},"end":{"line":20,"column":null}},"12":{"start":{"line":19,"column":0},"end":{"line":19,"column":null}},"13":{"start":{"line":21,"column":0},"end":{"line":21,"column":null}},"14":{"start":{"line":25,"column":0},"end":{"line":25,"column":null}},"15":{"start":{"line":30,"column":0},"end":{"line":30,"column":null}},"16":{"start":{"line":33,"column":0},"end":{"line":38,"column":null}},"17":{"start":{"line":34,"column":0},"end":{"line":34,"column":null}},"18":{"start":{"line":37,"column":0},"end":{"line":37,"column":null}},"19":{"start":{"line":40,"column":0},"end":{"line":40,"column":null}}},"fnMap":{"0":{"name":"(anonymous_1)","decl":{"start":{"line":7,"column":0},"end":{"line":7,"column":null}},"loc":{"start":{"line":7,"column":0},"end":{"line":47,"column":null}}},"1":{"name":"(anonymous_2)","decl":{"start":{"line":12,"column":0},"end":{"line":12,"column":null}},"loc":{"start":{"line":12,"column":0},"end":{"line":23,"column":null}}},"2":{"name":"(anonymous_3)","decl":{"start":{"line":15,"column":0},"end":{"line":15,"column":null}},"loc":{"start":{"line":15,"column":0},"end":{"line":15,"column":null}}},"3":{"name":"(anonymous_4)","decl":{"start":{"line":17,"column":0},"end":{"line":17,"column":null}},"loc":{"start":{"line":17,"column":0},"end":{"line":22,"column":null}}},"4":{"name":"addTask","decl":{"start":{"line":24,"column":0},"end":{"line":24,"column":null}},"loc":{"start":{"line":24,"column":0},"end":{"line":31,"column":null}}},"5":{"name":"switchTask","decl":{"start":{"line":32,"column":0},"end":{"line":32,"column":null}},"loc":{"start":{"line":32,"column":0},"end":{"line":39,"column":null}}}},"branchMap":{"0":{"loc":{"start":{"line":14,"column":0},"end":{"line":16,"column":null}},"type":"if","locations":[{"start":{"line":14,"column":0},"end":{"line":16,"column":null}},{"start":{"line":14,"column":0},"end":{"line":16,"column":null}}]},"1":{"loc":{"start":{"line":18,"column":0},"end":{"line":20,"column":null}},"type":"if","locations":[{"start":{"line":18,"column":0},"end":{"line":20,"column":null}},{"start":{"line":18,"column":0},"end":{"line":20,"column":null}}]},"2":{"loc":{"start":{"line":21,"column":0},"end":{"line":21,"column":null}},"type":"cond-expr","locations":[{"start":{"line":21,"column":0},"end":{"line":21,"column":null}},{"start":{"line":21,"column":0},"end":{"line":21,"column":null}}]},"3":{"loc":{"start":{"line":33,"column":0},"end":{"line":38,"column":null}},"type":"if","locations":[{"start":{"line":33,"column":0},"end":{"line":38,"column":null}},{"start":{"line":33,"column":0},"end":{"line":38,"column":null}}]}},"s":{"0":1,"1":1,"2":1,"3":1,"4":1,"5":1,"6":1,"7":3,"8":3,"9":2,"10":3,"11":0,"12":0,"13":0,"14":1,"15":1,"16":1,"17":1,"18":0,"19":1},"f":{"0":1,"1":3,"2":1,"3":0,"4":1,"5":1},"b":{"0":[1,2],"1":[0,0],"2":[0,0],"3":[1,0]}}
,"/home/jkonieczny/dev/playground/src/router/index.ts": {"path":"/home/jkonieczny/dev/playground/src/router/index.ts","statementMap":{"0":{"start":{"line":1,"column":0},"end":{"line":1,"column":40}},"1":{"start":{"line":2,"column":0},"end":{"line":2,"column":35}},"2":{"start":{"line":3,"column":0},"end":{"line":3,"column":30}},"3":{"start":{"line":10,"column":0},"end":{"line":25,"column":null}},"4":{"start":{"line":11,"column":2},"end":{"line":11,"column":21}},"5":{"start":{"line":13,"column":17},"end":{"line":22,"column":4}},"6":{"start":{"line":14,"column":27},"end":{"line":14,"column":41}},"7":{"start":{"line":24,"column":2},"end":{"line":24,"column":16}}},"fnMap":{"0":{"name":"(anonymous_1)","decl":{"start":{"line":10,"column":21},"end":{"line":10,"column":31}},"loc":{"start":{"line":10,"column":38},"end":{"line":25,"column":1}}},"1":{"name":"(anonymous_2)","decl":{"start":{"line":14,"column":20},"end":{"line":14,"column":23}},"loc":{"start":{"line":14,"column":27},"end":{"line":14,"column":41}}}},"branchMap":{},"s":{"0":0,"1":0,"2":0,"3":0,"4":0,"5":0,"6":0,"7":0},"f":{"0":0,"1":0},"b":{}}
,"/home/jkonieczny/dev/playground/src/router/routes.ts": {"path":"/home/jkonieczny/dev/playground/src/router/routes.ts","statementMap":{"0":{"start":{"line":3,"column":30},"end":{"line":46,"column":2}},"1":{"start":{"line":6,"column":20},"end":{"line":6,"column":53}},"2":{"start":{"line":8,"column":34},"end":{"line":8,"column":60}},"3":{"start":{"line":13,"column":20},"end":{"line":13,"column":53}},"4":{"start":{"line":15,"column":34},"end":{"line":15,"column":63}},"5":{"start":{"line":20,"column":20},"end":{"line":20,"column":53}},"6":{"start":{"line":22,"column":34},"end":{"line":22,"column":70}},"7":{"start":{"line":27,"column":20},"end":{"line":27,"column":53}},"8":{"start":{"line":29,"column":34},"end":{"line":29,"column":68}},"9":{"start":{"line":34,"column":20},"end":{"line":34,"column":53}},"10":{"start":{"line":36,"column":34},"end":{"line":36,"column":61}},"11":{"start":{"line":44,"column":20},"end":{"line":44,"column":49}},"12":{"start":{"line":48,"column":0},"end":{"line":48,"column":22}}},"fnMap":{"0":{"name":"(anonymous_6)","decl":{"start":{"line":6,"column":15},"end":{"line":6,"column":18}},"loc":{"start":{"line":6,"column":20},"end":{"line":6,"column":53}}},"1":{"name":"(anonymous_7)","decl":{"start":{"line":6,"column":20},"end":{"line":6,"column":28}},"loc":{"start":{"line":6,"column":20},"end":{"line":6,"column":53}}},"2":{"name":"(anonymous_8)","decl":{"start":{"line":8,"column":29},"end":{"line":8,"column":32}},"loc":{"start":{"line":8,"column":34},"end":{"line":8,"column":60}}},"3":{"name":"(anonymous_9)","decl":{"start":{"line":8,"column":34},"end":{"line":8,"column":42}},"loc":{"start":{"line":8,"column":34},"end":{"line":8,"column":60}}},"4":{"name":"(anonymous_10)","decl":{"start":{"line":13,"column":15},"end":{"line":13,"column":18}},"loc":{"start":{"line":13,"column":20},"end":{"line":13,"column":53}}},"5":{"name":"(anonymous_11)","decl":{"start":{"line":13,"column":20},"end":{"line":13,"column":28}},"loc":{"start":{"line":13,"column":20},"end":{"line":13,"column":53}}},"6":{"name":"(anonymous_12)","decl":{"start":{"line":15,"column":29},"end":{"line":15,"column":32}},"loc":{"start":{"line":15,"column":34},"end":{"line":15,"column":63}}},"7":{"name":"(anonymous_13)","decl":{"start":{"line":15,"column":34},"end":{"line":15,"column":42}},"loc":{"start":{"line":15,"column":34},"end":{"line":15,"column":63}}},"8":{"name":"(anonymous_14)","decl":{"start":{"line":20,"column":15},"end":{"line":20,"column":18}},"loc":{"start":{"line":20,"column":20},"end":{"line":20,"column":53}}},"9":{"name":"(anonymous_15)","decl":{"start":{"line":20,"column":20},"end":{"line":20,"column":28}},"loc":{"start":{"line":20,"column":20},"end":{"line":20,"column":53}}},"10":{"name":"(anonymous_16)","decl":{"start":{"line":22,"column":29},"end":{"line":22,"column":32}},"loc":{"start":{"line":22,"column":34},"end":{"line":22,"column":70}}},"11":{"name":"(anonymous_17)","decl":{"start":{"line":22,"column":34},"end":{"line":22,"column":42}},"loc":{"start":{"line":22,"column":34},"end":{"line":22,"column":70}}},"12":{"name":"(anonymous_18)","decl":{"start":{"line":27,"column":15},"end":{"line":27,"column":18}},"loc":{"start":{"line":27,"column":20},"end":{"line":27,"column":53}}},"13":{"name":"(anonymous_19)","decl":{"start":{"line":27,"column":20},"end":{"line":27,"column":28}},"loc":{"start":{"line":27,"column":20},"end":{"line":27,"column":53}}},"14":{"name":"(anonymous_20)","decl":{"start":{"line":29,"column":29},"end":{"line":29,"column":32}},"loc":{"start":{"line":29,"column":34},"end":{"line":29,"column":68}}},"15":{"name":"(anonymous_21)","decl":{"start":{"line":29,"column":34},"end":{"line":29,"column":42}},"loc":{"start":{"line":29,"column":34},"end":{"line":29,"column":68}}},"16":{"name":"(anonymous_22)","decl":{"start":{"line":34,"column":15},"end":{"line":34,"column":18}},"loc":{"start":{"line":34,"column":20},"end":{"line":34,"column":53}}},"17":{"name":"(anonymous_23)","decl":{"start":{"line":34,"column":20},"end":{"line":34,"column":28}},"loc":{"start":{"line":34,"column":20},"end":{"line":34,"column":53}}},"18":{"name":"(anonymous_24)","decl":{"start":{"line":36,"column":29},"end":{"line":36,"column":32}},"loc":{"start":{"line":36,"column":34},"end":{"line":36,"column":61}}},"19":{"name":"(anonymous_25)","decl":{"start":{"line":36,"column":34},"end":{"line":36,"column":42}},"loc":{"start":{"line":36,"column":34},"end":{"line":36,"column":61}}},"20":{"name":"(anonymous_26)","decl":{"start":{"line":44,"column":15},"end":{"line":44,"column":18}},"loc":{"start":{"line":44,"column":20},"end":{"line":44,"column":49}}},"21":{"name":"(anonymous_27)","decl":{"start":{"line":44,"column":20},"end":{"line":44,"column":28}},"loc":{"start":{"line":44,"column":20},"end":{"line":44,"column":49}}}},"branchMap":{},"s":{"0":0,"1":0,"2":0,"3":0,"4":0,"5":0,"6":0,"7":0,"8":0,"9":0,"10":0,"11":0,"12":0},"f":{"0":0,"1":0,"2":0,"3":0,"4":0,"5":0,"6":0,"7":0,"8":0,"9":0,"10":0,"11":0,"12":0,"13":0,"14":0,"15":0,"16":0,"17":0,"18":0,"19":0,"20":0,"21":0},"b":{}}
}
