TN:
SF:src/env.d.ts
FNF:0
FNH:0
LF:0
LH:0
BRF:0
BRH:0
end_of_record
TN:
SF:src/shims-vue.d.ts
FNF:0
FNH:0
LF:0
LH:0
BRF:0
BRH:0
end_of_record
TN:
SF:src/boot/axios.ts
FN:10,(anonymous_1)
FNF:1
FNH:0
FNDA:0,(anonymous_1)
DA:1,0
DA:2,0
DA:10,0
DA:12,0
LF:4
LH:0
BRF:0
BRH:0
end_of_record
TN:
SF:src/boot/composition-api.ts
FN:4,(anonymous_1)
FNF:1
FNH:0
FNDA:0,(anonymous_1)
DA:1,0
DA:2,0
DA:4,0
DA:5,0
LF:4
LH:0
BRF:0
BRH:0
end_of_record
TN:
SF:src/components/CompositionComponent.vue
FN:2,useClickCount
FN:4,increment
FN:10,useDisplayTodo
FN:11,(anonymous_4)
FN:23,(anonymous_5)
FN:33,(anonymous_6)
FNF:6
FNH:0
FNDA:0,useClickCount
FNDA:0,increment
FNDA:0,useDisplayTodo
FNDA:0,(anonymous_4)
FNDA:0,(anonymous_5)
FNDA:0,(anonymous_6)
DA:1,0
DA:3,0
DA:5,0
DA:6,0
DA:8,0
DA:11,0
DA:12,0
DA:23,0
DA:34,0
LF:9
LH:0
BRF:0
BRH:0
end_of_record
TN:
SF:src/layouts/MainLayout.vue
FN:57,(anonymous_1)
FNF:1
FNH:0
FNDA:0,(anonymous_1)
DA:58,0
LF:1
LH:0
BRF:0
BRH:0
end_of_record
TN:
SF:src/pages/Error404.vue
FNF:0
FNH:0
DA:1,0
LF:1
LH:0
BRF:0
BRH:0
end_of_record
TN:
SF:src/pages/FormView.vue
FN:8,(anonymous_1)
FNF:1
FNH:0
FNDA:0,(anonymous_1)
DA:1,0
DA:2,0
DA:9,0
DA:15,0
DA:40,0
LF:5
LH:0
BRF:0
BRH:0
end_of_record
TN:
SF:src/pages/Index.vue
FN:6,(anonymous_1)
FNF:1
FNH:0
FNDA:0,(anonymous_1)
DA:1,0
DA:2,0
DA:7,0
DA:29,0
DA:32,0
LF:5
LH:0
BRF:0
BRH:0
end_of_record
TN:
SF:src/pages/Spring.vue
FN:30,physicStep
FN:33,(anonymous_2)
FN:37,calcAngle
FN:40,(anonymous_4)
FN:63,(anonymous_5)
FN:64,(anonymous_6)
FN:65,(anonymous_7)
FN:71,(anonymous_8)
FN:78,(anonymous_9)
FN:85,(anonymous_10)
FN:97,(anonymous_11)
FN:106,applyForces
FN:109,(anonymous_13)
FN:111,(anonymous_14)
FN:127,(anonymous_15)
FN:136,(anonymous_16)
FN:140,(anonymous_17)
FN:142,(anonymous_18)
FN:148,(anonymous_19)
FN:160,(anonymous_20)
FN:164,(anonymous_21)
FN:168,(anonymous_22)
FN:178,(anonymous_23)
FNF:23
FNH:0
FNDA:0,physicStep
FNDA:0,(anonymous_2)
FNDA:0,calcAngle
FNDA:0,(anonymous_4)
FNDA:0,(anonymous_5)
FNDA:0,(anonymous_6)
FNDA:0,(anonymous_7)
FNDA:0,(anonymous_8)
FNDA:0,(anonymous_9)
FNDA:0,(anonymous_10)
FNDA:0,(anonymous_11)
FNDA:0,applyForces
FNDA:0,(anonymous_13)
FNDA:0,(anonymous_14)
FNDA:0,(anonymous_15)
FNDA:0,(anonymous_16)
FNDA:0,(anonymous_17)
FNDA:0,(anonymous_18)
FNDA:0,(anonymous_19)
FNDA:0,(anonymous_20)
FNDA:0,(anonymous_21)
FNDA:0,(anonymous_22)
FNDA:0,(anonymous_23)
DA:1,0
DA:2,0
DA:3,0
DA:31,0
DA:32,0
DA:33,0
DA:34,0
DA:35,0
DA:38,0
DA:40,0
DA:41,0
DA:42,0
DA:43,0
DA:44,0
DA:45,0
DA:46,0
DA:47,0
DA:48,0
DA:49,0
DA:50,0
DA:51,0
DA:52,0
DA:53,0
DA:57,0
DA:63,0
DA:64,0
DA:65,0
DA:66,0
DA:67,0
DA:68,0
DA:69,0
DA:70,0
DA:71,0
DA:72,0
DA:76,0
DA:78,0
DA:79,0
DA:83,0
DA:85,0
DA:86,0
DA:87,0
DA:88,0
DA:89,0
DA:93,0
DA:97,0
DA:98,0
DA:101,0
DA:104,0
DA:107,0
DA:108,0
DA:109,0
DA:110,0
DA:111,0
DA:112,0
DA:113,0
DA:115,0
DA:116,0
DA:117,0
DA:118,0
DA:119,0
DA:120,0
DA:124,0
DA:128,0
DA:129,0
DA:130,0
DA:131,0
DA:132,0
DA:136,0
DA:137,0
DA:139,0
DA:140,0
DA:141,0
DA:142,0
DA:143,0
DA:144,0
DA:147,0
DA:148,0
DA:149,0
DA:151,0
DA:152,0
DA:153,0
DA:161,0
DA:162,0
DA:165,0
DA:166,0
DA:169,0
DA:170,0
DA:172,0
DA:174,0
DA:175,0
DA:179,0
LF:91
LH:0
BRDA:34,0,0,0
BRDA:34,0,1,0
BRDA:45,1,0,0
BRDA:45,1,1,0
BRDA:48,2,0,0
BRDA:48,2,1,0
BRDA:49,3,0,0
BRDA:49,3,1,0
BRDA:67,4,0,0
BRDA:67,4,1,0
BRDA:87,5,0,0
BRDA:87,5,1,0
BRDA:119,6,0,0
BRDA:119,6,1,0
BRDA:169,7,0,0
BRDA:169,7,1,0
BRDA:169,8,0,0
BRDA:169,8,1,0
BRF:18
BRH:0
end_of_record
TN:
SF:src/pages/TodoOptionsView.vue
FNF:0
FNH:0
DA:1,0
DA:2,0
LF:2
LH:0
BRF:0
BRH:0
end_of_record
TN:
SF:src/pages/TodoSetupView.vue
FNF:0
FNH:0
DA:1,0
DA:2,0
LF:2
LH:0
BRF:0
BRH:0
end_of_record
TN:
SF:src/pages/Form/FormComponent.vue
FN:10,attributesFor
FN:48,(anonymous_2)
FN:51,(anonymous_3)
FNF:3
FNH:0
FNDA:0,attributesFor
FNDA:0,(anonymous_2)
FNDA:0,(anonymous_3)
DA:3,0
DA:4,0
DA:5,0
DA:11,0
DA:13,0
DA:19,0
DA:25,0
DA:32,0
DA:38,0
DA:49,0
DA:52,0
DA:53,0
DA:54,0
LF:13
LH:0
BRDA:12,0,0,0
BRDA:12,0,1,0
BRDA:12,0,2,0
BRDA:12,0,3,0
BRDA:28,1,0,0
BRDA:28,1,1,0
BRDA:52,2,0,0
BRDA:52,2,1,0
BRDA:52,3,0,0
BRDA:52,3,1,0
BRF:10
BRH:0
end_of_record
TN:
SF:src/pages/Form/fields/DatePicker.vue
FN:9,(anonymous_1)
FN:11,(anonymous_2)
FNF:2
FNH:0
FNDA:0,(anonymous_1)
FNDA:0,(anonymous_2)
DA:1,0
DA:10,0
DA:11,0
DA:12,0
DA:14,0
LF:5
LH:0
BRF:0
BRH:0
end_of_record
TN:
SF:src/pages/todo/TodoOptions.vue
FN:7,(anonymous_1)
FN:16,(anonymous_2)
FN:19,(anonymous_3)
FN:21,(anonymous_4)
FN:30,(anonymous_5)
FN:38,(anonymous_6)
FNF:6
FNH:5
FNDA:1,(anonymous_1)
FNDA:3,(anonymous_2)
FNDA:1,(anonymous_3)
FNDA:0,(anonymous_4)
FNDA:1,(anonymous_5)
FNDA:1,(anonymous_6)
DA:1,1
DA:2,1
DA:8,1
DA:17,3
DA:18,3
DA:19,2
DA:21,3
DA:22,0
DA:23,0
DA:25,0
DA:31,1
DA:36,1
DA:39,1
DA:40,1
DA:43,0
LF:15
LH:11
BRDA:18,0,0,1
BRDA:18,0,1,2
BRDA:22,1,0,0
BRDA:22,1,1,0
BRDA:25,2,0,0
BRDA:25,2,1,0
BRDA:39,3,0,1
BRDA:39,3,1,0
BRF:8
BRH:3
end_of_record
TN:
SF:src/pages/todo/TodoSetup.vue
FN:7,(anonymous_1)
FN:12,(anonymous_2)
FN:15,(anonymous_3)
FN:17,(anonymous_4)
FN:24,addTask
FN:32,switchTask
FNF:6
FNH:5
FNDA:1,(anonymous_1)
FNDA:3,(anonymous_2)
FNDA:1,(anonymous_3)
FNDA:0,(anonymous_4)
FNDA:1,addTask
FNDA:1,switchTask
DA:1,1
DA:2,1
DA:8,1
DA:9,1
DA:10,1
DA:11,1
DA:12,1
DA:13,3
DA:14,3
DA:15,2
DA:17,3
DA:18,0
DA:19,0
DA:21,0
DA:25,1
DA:30,1
DA:33,1
DA:34,1
DA:37,0
DA:40,1
LF:20
LH:16
BRDA:14,0,0,1
BRDA:14,0,1,2
BRDA:18,1,0,0
BRDA:18,1,1,0
BRDA:21,2,0,0
BRDA:21,2,1,0
BRDA:33,3,0,1
BRDA:33,3,1,0
BRF:8
BRH:3
end_of_record
TN:
SF:src/router/index.ts
FN:10,(anonymous_1)
FN:14,(anonymous_2)
FNF:2
FNH:0
FNDA:0,(anonymous_1)
FNDA:0,(anonymous_2)
DA:1,0
DA:2,0
DA:3,0
DA:10,0
DA:11,0
DA:13,0
DA:14,0
DA:24,0
LF:8
LH:0
BRF:0
BRH:0
end_of_record
TN:
SF:src/router/routes.ts
FN:6,(anonymous_6)
FN:6,(anonymous_7)
FN:8,(anonymous_8)
FN:8,(anonymous_9)
FN:13,(anonymous_10)
FN:13,(anonymous_11)
FN:15,(anonymous_12)
FN:15,(anonymous_13)
FN:20,(anonymous_14)
FN:20,(anonymous_15)
FN:22,(anonymous_16)
FN:22,(anonymous_17)
FN:27,(anonymous_18)
FN:27,(anonymous_19)
FN:29,(anonymous_20)
FN:29,(anonymous_21)
FN:34,(anonymous_22)
FN:34,(anonymous_23)
FN:36,(anonymous_24)
FN:36,(anonymous_25)
FN:44,(anonymous_26)
FN:44,(anonymous_27)
FNF:22
FNH:0
FNDA:0,(anonymous_6)
FNDA:0,(anonymous_7)
FNDA:0,(anonymous_8)
FNDA:0,(anonymous_9)
FNDA:0,(anonymous_10)
FNDA:0,(anonymous_11)
FNDA:0,(anonymous_12)
FNDA:0,(anonymous_13)
FNDA:0,(anonymous_14)
FNDA:0,(anonymous_15)
FNDA:0,(anonymous_16)
FNDA:0,(anonymous_17)
FNDA:0,(anonymous_18)
FNDA:0,(anonymous_19)
FNDA:0,(anonymous_20)
FNDA:0,(anonymous_21)
FNDA:0,(anonymous_22)
FNDA:0,(anonymous_23)
FNDA:0,(anonymous_24)
FNDA:0,(anonymous_25)
FNDA:0,(anonymous_26)
FNDA:0,(anonymous_27)
DA:3,0
DA:6,0
DA:8,0
DA:13,0
DA:15,0
DA:20,0
DA:22,0
DA:27,0
DA:29,0
DA:34,0
DA:36,0
DA:44,0
DA:48,0
LF:13
LH:0
BRF:0
BRH:0
end_of_record
